<?xml version="1.0" encoding="UTF-8"?>
<!-- Generated by org.testng.reporters.JUnitReportReporter -->
<testsuite skipped="0" hostname="Mds-MacBook-Air.local" name="RestAssuredBDD.RestBDDPost" tests="1" failures="0" timestamp="08 Aug 2020 21:25:39 GMT" time="2.485" errors="0">
  <testcase name="sendpostrequ" time="2.485" classname="RestAssuredBDD.RestBDDPost"/>
</testsuite> <!-- RestAssuredBDD.RestBDDPost -->
