<?xml version="1.0" encoding="UTF-8"?>
<!-- Generated by org.testng.reporters.JUnitReportReporter -->
<testsuite skipped="0" hostname="Mds-MacBook-Air.local" name="apiTestONE.APItwoPost" tests="1" failures="0" timestamp="08 Aug 2020 21:33:56 GMT" time="12.858" errors="0">
  <testcase name="Postemployeedetails" time="12.858" classname="apiTestONE.APItwoPost"/>
</testsuite> <!-- apiTestONE.APItwoPost -->
