<?xml version="1.0" encoding="UTF-8"?>
<!-- Generated by org.testng.reporters.JUnitReportReporter -->
<testsuite skipped="0" hostname="Mds-MacBook-Air.local" name="apiTestONE.APIfourAllHeaders" tests="1" failures="0" timestamp="08 Aug 2020 03:35:33 GMT" time="2.860" errors="0">
  <testcase name="allheadersvalidation" time="2.860" classname="apiTestONE.APIfourAllHeaders"/>
</testsuite> <!-- apiTestONE.APIfourAllHeaders -->
