<?xml version="1.0" encoding="UTF-8"?>
<!-- Generated by org.testng.reporters.JUnitReportReporter -->
<testsuite skipped="0" hostname="Mds-MacBook-Air.local" name="apiTestONE.APIthreeGetRsq" tests="1" failures="0" timestamp="08 Aug 2020 03:24:23 GMT" time="1.925" errors="0">
  <testcase name="getrequestfromresq" time="1.925" classname="apiTestONE.APIthreeGetRsq"/>
</testsuite> <!-- apiTestONE.APIthreeGetRsq -->
