<?xml version="1.0" encoding="UTF-8"?>
<!-- Generated by org.testng.reporters.JUnitReportReporter -->
<testsuite skipped="0" hostname="Mds-MacBook-Air.local" name="RestAssuredBDD.RestBDDone" tests="1" failures="0" timestamp="08 Aug 2020 04:02:22 GMT" time="2.713" errors="0">
  <testcase name="BDDgetrequ" time="2.713" classname="RestAssuredBDD.RestBDDone"/>
</testsuite> <!-- RestAssuredBDD.RestBDDone -->
