<?xml version="1.0" encoding="UTF-8"?>
<!-- Generated by org.testng.reporters.JUnitReportReporter -->
<testsuite skipped="0" hostname="Mds-MacBook-Air.local" name="apiTestONE.APIone" tests="1" failures="0" timestamp="06 Aug 2020 02:28:32 GMT" time="7.403" errors="0">
  <testcase name="getemployeedetails" time="7.403" classname="apiTestONE.APIone"/>
</testsuite> <!-- apiTestONE.APIone -->
