<?xml version="1.0" encoding="UTF-8"?>
<!-- Generated by org.testng.reporters.JUnitReportReporter -->
<testsuite skipped="0" hostname="Mds-MacBook-Air.local" name="apiTestONE.APIoneGet" tests="1" failures="0" timestamp="12 Aug 2020 01:09:03 GMT" time="5.375" errors="0">
  <testcase name="getemployeedetails" time="5.375" classname="apiTestONE.APIoneGet"/>
</testsuite> <!-- apiTestONE.APIoneGet -->
