<?xml version="1.0" encoding="UTF-8"?>
<!-- Generated by org.testng.reporters.JUnitReportReporter -->
<testsuite skipped="0" hostname="Mds-MacBook-Air.local" name="RestAssuredBDD.APIBDDDelete" tests="1" failures="0" timestamp="11 Aug 2020 01:41:27 GMT" time="2.894" errors="0">
  <testcase name="deletedata" time="2.894" classname="RestAssuredBDD.APIBDDDelete"/>
</testsuite> <!-- RestAssuredBDD.APIBDDDelete -->
