<?xml version="1.0" encoding="UTF-8"?>
<!-- Generated by org.testng.reporters.JUnitReportReporter -->
<testsuite skipped="0" hostname="Mds-MacBook-Air.local" name="RestAssuredBDD.APIBDDPut" tests="1" failures="0" timestamp="11 Aug 2020 01:12:50 GMT" time="2.544" errors="0">
  <testcase name="sendupdate" time="2.544" classname="RestAssuredBDD.APIBDDPut"/>
</testsuite> <!-- RestAssuredBDD.APIBDDPut -->
