<?xml version="1.0" encoding="UTF-8"?>
<!-- Generated by org.testng.reporters.JUnitReportReporter -->
<testsuite skipped="0" hostname="Mds-MacBook-Air.local" name="apiTestONE.TestforMap_Json" tests="1" failures="0" timestamp="08 Aug 2020 21:36:31 GMT" time="5.327" errors="0">
  <testcase name="Postemployeedetails" time="5.327" classname="apiTestONE.TestforMap_Json"/>
</testsuite> <!-- apiTestONE.TestforMap_Json -->
