<?xml version="1.0" encoding="UTF-8"?>
<!-- Generated by org.testng.reporters.JUnitReportReporter -->
<testsuite skipped="0" hostname="Mds-MacBook-Air.local" name="apiTestONE.APItwo" tests="1" failures="0" timestamp="06 Aug 2020 03:34:55 GMT" time="8.319" errors="0">
  <testcase name="Postemployeedetails" time="8.319" classname="apiTestONE.APItwo"/>
</testsuite> <!-- apiTestONE.APItwo -->
